2022-02-22 15:18:18.003  INFO 3968 --- [main] com.example.demo.DemoApplication : Starting DemoApplication using Java 1.8.0_181-1-ojdkbuild on DESKTOP-EECQ664 with PID 3968 (C:\work\demo\target\classes started by User in C:\work\demo)
2022-02-22 15:18:18.011  INFO 3968 --- [main] com.example.demo.DemoApplication : No active profile set, falling back to default profiles: default
2022-02-22 15:18:19.570  INFO 3968 --- [main] o.s.b.w.embedded.tomcat.TomcatWebServer : Tomcat initialized with port(s): 8080 (http)
2022-02-22 15:18:19.586  INFO 3968 --- [main] org.apache.catalina.core.StandardService : Starting service [Tomcat]
2022-02-22 15:18:19.587  INFO 3968 --- [main] org.apache.catalina.core.StandardEngine : Starting Servlet engine: [Apache Tomcat/9.0.56]
2022-02-22 15:18:19.752  INFO 3968 --- [main] o.a.c.c.C.[Tomcat].[localhost].[/] : Initializing Spring embedded WebApplicationContext
2022-02-22 15:18:19.752  INFO 3968 --- [main] o.s.b.w.s.c.ServletWebServerApplicationContext : Root WebApplicationContext: initialization completed in 1603 ms
2022-02-22 15:18:20.450  INFO 3968 --- [main] o.s.b.w.embedded.tomcat.TomcatWebServer : Tomcat started on port(s): 8080 (http) with context path ''
2022-02-22 15:18:20.466  INFO 3968 --- [main] com.example.demo.DemoApplication : Started DemoApplication in 3.485 seconds (JVM running for 5.045)
2022-02-22 15:21:35.208  INFO 3968 --- [http-nio-8080-exec-1] o.a.c.c.C.[Tomcat].[localhost].[/] : Initializing Spring DispatcherServlet 'dispatcherServlet'
2022-02-22 15:21:35.209  INFO 3968 --- [http-nio-8080-exec-1] o.s.web.servlet.DispatcherServlet : Initializing Servlet 'dispatcherServlet'
2022-02-22 15:21:35.210  INFO 3968 --- [http-nio-8080-exec-1] o.s.web.servlet.DispatcherServlet : Completed initialization in 1 ms
2022-02-22 15:21:35.244  INFO 3968 --- [http-nio-8080-exec-1] c.example.demo.controller.DemoController : Connect GET /status
2022-02-22 15:21:35.244  INFO 3968 --- [http-nio-8080-exec-1] c.example.demo.controller.DemoController : server.port : 8080
local.server.port : 8080
Test INFO LOG
2022-02-22 15:21:35.245  WARN 3968 --- [http-nio-8080-exec-1] c.example.demo.controller.DemoController : TEST WARN LOG
2022-02-22 15:21:35.245 ERROR 3968 --- [http-nio-8080-exec-1] c.example.demo.controller.DemoController : TEST ERR LOG
2022-02-22 15:22:34.260  INFO 3968 --- [http-nio-8080-exec-3] c.example.demo.controller.DemoController : Request Item : {phone=01012341234, name=HAN, title=TEST, job=programmer, age=28, hobby=collect coins}
2022-02-22 15:22:34.261  INFO 3968 --- [http-nio-8080-exec-3] c.example.demo.controller.DemoController : key : phone
2022-02-22 15:22:34.262  INFO 3968 --- [http-nio-8080-exec-3] c.example.demo.controller.DemoController : value : 01012341234
2022-02-22 15:22:34.263  INFO 3968 --- [http-nio-8080-exec-3] c.example.demo.controller.DemoController : key : name
2022-02-22 15:22:34.263  INFO 3968 --- [http-nio-8080-exec-3] c.example.demo.controller.DemoController : value : HAN
2022-02-22 15:22:34.264  INFO 3968 --- [http-nio-8080-exec-3] c.example.demo.controller.DemoController : key : title
2022-02-22 15:22:34.264  INFO 3968 --- [http-nio-8080-exec-3] c.example.demo.controller.DemoController : value : TEST
2022-02-22 15:22:34.264  INFO 3968 --- [http-nio-8080-exec-3] c.example.demo.controller.DemoController : key : job
2022-02-22 15:22:34.265  INFO 3968 --- [http-nio-8080-exec-3] c.example.demo.controller.DemoController : value : programmer
2022-02-22 15:22:34.265  INFO 3968 --- [http-nio-8080-exec-3] c.example.demo.controller.DemoController : key : age
2022-02-22 15:22:34.265  INFO 3968 --- [http-nio-8080-exec-3] c.example.demo.controller.DemoController : value : 28
2022-02-22 15:22:34.265  INFO 3968 --- [http-nio-8080-exec-3] c.example.demo.controller.DemoController : key : hobby
2022-02-22 15:22:34.266  INFO 3968 --- [http-nio-8080-exec-3] c.example.demo.controller.DemoController : value : collect coins
2022-02-22 15:24:57.835 ERROR 3968 --- [http-nio-8080-exec-6] o.a.c.c.C.[.[.[/].[dispatcherServlet] : Servlet.service() for servlet [dispatcherServlet] in context with path [] threw exception

java.io.FileNotFoundException: nothing (지정된 파일을 찾을 수 없습니다)
	at java.io.FileInputStream.open0(Native Method)
	at java.io.FileInputStream.open(FileInputStream.java:195)
	at java.io.FileInputStream.<init>(FileInputStream.java:138)
	at java.io.FileInputStream.<init>(FileInputStream.java:93)
	at java.io.FileReader.<init>(FileReader.java:58)
	at com.example.demo.controller.DemoController.errtest(DemoController.java:50)
	at sun.reflect.NativeMethodAccessorImpl.invoke0(Native Method)
	at sun.reflect.NativeMethodAccessorImpl.invoke(NativeMethodAccessorImpl.java:62)
	at sun.reflect.DelegatingMethodAccessorImpl.invoke(DelegatingMethodAccessorImpl.java:43)
	at java.lang.reflect.Method.invoke(Method.java:498)
	at org.springframework.web.method.support.InvocableHandlerMethod.doInvoke(InvocableHandlerMethod.java:205)
	at org.springframework.web.method.support.InvocableHandlerMethod.invokeForRequest(InvocableHandlerMethod.java:150)
	at org.springframework.web.servlet.mvc.method.annotation.ServletInvocableHandlerMethod.invokeAndHandle(ServletInvocableHandlerMethod.java:117)
	at org.springframework.web.servlet.mvc.method.annotation.RequestMappingHandlerAdapter.invokeHandlerMethod(RequestMappingHandlerAdapter.java:895)
	at org.springframework.web.servlet.mvc.method.annotation.RequestMappingHandlerAdapter.handleInternal(RequestMappingHandlerAdapter.java:808)
	at org.springframework.web.servlet.mvc.method.AbstractHandlerMethodAdapter.handle(AbstractHandlerMethodAdapter.java:87)
	at org.springframework.web.servlet.DispatcherServlet.doDispatch(DispatcherServlet.java:1067)
	at org.springframework.web.servlet.DispatcherServlet.doService(DispatcherServlet.java:963)
	at org.springframework.web.servlet.FrameworkServlet.processRequest(FrameworkServlet.java:1006)
	at org.springframework.web.servlet.FrameworkServlet.doGet(FrameworkServlet.java:898)
	at javax.servlet.http.HttpServlet.service(HttpServlet.java:655)
	at org.springframework.web.servlet.FrameworkServlet.service(FrameworkServlet.java:883)
	at javax.servlet.http.HttpServlet.service(HttpServlet.java:764)
	at org.apache.catalina.core.ApplicationFilterChain.internalDoFilter(ApplicationFilterChain.java:227)
	at org.apache.catalina.core.ApplicationFilterChain.doFilter(ApplicationFilterChain.java:162)
	at org.apache.tomcat.websocket.server.WsFilter.doFilter(WsFilter.java:53)
	at org.apache.catalina.core.ApplicationFilterChain.internalDoFilter(ApplicationFilterChain.java:189)
	at org.apache.catalina.core.ApplicationFilterChain.doFilter(ApplicationFilterChain.java:162)
	at org.springframework.web.filter.RequestContextFilter.doFilterInternal(RequestContextFilter.java:100)
	at org.springframework.web.filter.OncePerRequestFilter.doFilter(OncePerRequestFilter.java:117)
	at org.apache.catalina.core.ApplicationFilterChain.internalDoFilter(ApplicationFilterChain.java:189)
	at org.apache.catalina.core.ApplicationFilterChain.doFilter(ApplicationFilterChain.java:162)
	at org.springframework.web.filter.FormContentFilter.doFilterInternal(FormContentFilter.java:93)
	at org.springframework.web.filter.OncePerRequestFilter.doFilter(OncePerRequestFilter.java:117)
	at org.apache.catalina.core.ApplicationFilterChain.internalDoFilter(ApplicationFilterChain.java:189)
	at org.apache.catalina.core.ApplicationFilterChain.doFilter(ApplicationFilterChain.java:162)
	at org.springframework.web.filter.CharacterEncodingFilter.doFilterInternal(CharacterEncodingFilter.java:201)
	at org.springframework.web.filter.OncePerRequestFilter.doFilter(OncePerRequestFilter.java:117)
	at org.apache.catalina.core.ApplicationFilterChain.internalDoFilter(ApplicationFilterChain.java:189)
	at org.apache.catalina.core.ApplicationFilterChain.doFilter(ApplicationFilterChain.java:162)
	at org.apache.catalina.core.StandardWrapperValve.invoke(StandardWrapperValve.java:197)
	at org.apache.catalina.core.StandardContextValve.invoke(StandardContextValve.java:97)
	at org.apache.catalina.authenticator.AuthenticatorBase.invoke(AuthenticatorBase.java:540)
	at org.apache.catalina.core.StandardHostValve.invoke(StandardHostValve.java:135)
	at org.apache.catalina.valves.ErrorReportValve.invoke(ErrorReportValve.java:92)
	at org.apache.catalina.core.StandardEngineValve.invoke(StandardEngineValve.java:78)
	at org.apache.catalina.connector.CoyoteAdapter.service(CoyoteAdapter.java:357)
	at org.apache.coyote.http11.Http11Processor.service(Http11Processor.java:382)
	at org.apache.coyote.AbstractProcessorLight.process(AbstractProcessorLight.java:65)
	at org.apache.coyote.AbstractProtocol$ConnectionHandler.process(AbstractProtocol.java:895)
	at org.apache.tomcat.util.net.NioEndpoint$SocketProcessor.doRun(NioEndpoint.java:1732)
	at org.apache.tomcat.util.net.SocketProcessorBase.run(SocketProcessorBase.java:49)
	at org.apache.tomcat.util.threads.ThreadPoolExecutor.runWorker(ThreadPoolExecutor.java:1191)
	at org.apache.tomcat.util.threads.ThreadPoolExecutor$Worker.run(ThreadPoolExecutor.java:659)
	at org.apache.tomcat.util.threads.TaskThread$WrappingRunnable.run(TaskThread.java:61)
	at java.lang.Thread.run(Thread.java:748)

2022-02-22 15:25:08.201  INFO 3968 --- [http-nio-8080-exec-7] c.example.demo.controller.DemoController : Connect GET /status
2022-02-22 15:25:08.202  INFO 3968 --- [http-nio-8080-exec-7] c.example.demo.controller.DemoController : server.port : 8080
local.server.port : 8080
Test INFO LOG
2022-02-22 15:25:08.202  WARN 3968 --- [http-nio-8080-exec-7] c.example.demo.controller.DemoController : TEST WARN LOG
2022-02-22 15:25:08.202 ERROR 3968 --- [http-nio-8080-exec-7] c.example.demo.controller.DemoController : TEST ERR LOG
2022-02-22 15:38:59.575  INFO 3968 --- [RMI TCP Connection(29)-127.0.0.1] o.s.b.a.SpringApplicationAdminMXBeanRegistrar$SpringApplicationAdmin : Application shutdown requested.
